<?xml version="1.0" encoding="windows-1250" standalone="no"?>
<!DOCTYPE log SYSTEM "logger.dtd">
<log>
<record>
  <date>2018-05-10T13:27:47</date>
  <millis>1525951667332</millis>
  <sequence>3</sequence>
  <logger>main.Main</logger>
  <level>SEVERE</level>
  <class>main.Main</class>
  <method>serverConnection</method>
  <thread>1</thread>
  <message>Chyba pri pokuse o spojenie so serverom</message>
  <exception>
    <message>javax.naming.NamingException: Failed to create remoting connection [Root exception is java.lang.RuntimeException: Operation failed with status WAITING]</message>
    <frame>
      <class>org.jboss.naming.remote.client.ClientUtil</class>
      <method>namingException</method>
      <line>36</line>
    </frame>
    <frame>
      <class>org.jboss.naming.remote.client.InitialContextFactory</class>
      <method>getInitialContext</method>
      <line>121</line>
    </frame>
    <frame>
      <class>javax.naming.spi.NamingManager</class>
      <method>getInitialContext</method>
    </frame>
    <frame>
      <class>javax.naming.InitialContext</class>
      <method>getDefaultInitCtx</method>
    </frame>
    <frame>
      <class>javax.naming.InitialContext</class>
      <method>init</method>
    </frame>
    <frame>
      <class>javax.naming.InitialContext</class>
      <method>&lt;init&gt;</method>
    </frame>
    <frame>
      <class>main.Main</class>
      <method>serverConnection</method>
      <line>97</line>
    </frame>
    <frame>
      <class>main.Main</class>
      <method>main</method>
      <line>115</line>
    </frame>
    <frame>
      <class>sun.reflect.NativeMethodAccessorImpl</class>
      <method>invoke0</method>
    </frame>
    <frame>
      <class>sun.reflect.NativeMethodAccessorImpl</class>
      <method>invoke</method>
    </frame>
    <frame>
      <class>sun.reflect.DelegatingMethodAccessorImpl</class>
      <method>invoke</method>
    </frame>
    <frame>
      <class>java.lang.reflect.Method</class>
      <method>invoke</method>
    </frame>
    <frame>
      <class>com.sun.javafx.application.LauncherImpl</class>
      <method>launchApplicationWithArgs</method>
      <line>389</line>
    </frame>
    <frame>
      <class>com.sun.javafx.application.LauncherImpl</class>
      <method>launchApplication</method>
      <line>328</line>
    </frame>
    <frame>
      <class>sun.reflect.NativeMethodAccessorImpl</class>
      <method>invoke0</method>
    </frame>
    <frame>
      <class>sun.reflect.NativeMethodAccessorImpl</class>
      <method>invoke</method>
    </frame>
    <frame>
      <class>sun.reflect.DelegatingMethodAccessorImpl</class>
      <method>invoke</method>
    </frame>
    <frame>
      <class>java.lang.reflect.Method</class>
      <method>invoke</method>
    </frame>
    <frame>
      <class>sun.launcher.LauncherHelper$FXHelper</class>
      <method>main</method>
    </frame>
  </exception>
</record>
<record>
  <date>2018-05-10T13:27:47</date>
  <millis>1525951667335</millis>
  <sequence>4</sequence>
  <logger>main.Main</logger>
  <level>SEVERE</level>
  <class>main.Main</class>
  <method>main</method>
  <thread>1</thread>
  <message>Chyba inicializacie spojenia na server beany</message>
  <exception>
    <message>java.lang.NullPointerException</message>
    <frame>
      <class>main.Main</class>
      <method>main</method>
      <line>116</line>
    </frame>
    <frame>
      <class>sun.reflect.NativeMethodAccessorImpl</class>
      <method>invoke0</method>
    </frame>
    <frame>
      <class>sun.reflect.NativeMethodAccessorImpl</class>
      <method>invoke</method>
    </frame>
    <frame>
      <class>sun.reflect.DelegatingMethodAccessorImpl</class>
      <method>invoke</method>
    </frame>
    <frame>
      <class>java.lang.reflect.Method</class>
      <method>invoke</method>
    </frame>
    <frame>
      <class>com.sun.javafx.application.LauncherImpl</class>
      <method>launchApplicationWithArgs</method>
      <line>389</line>
    </frame>
    <frame>
      <class>com.sun.javafx.application.LauncherImpl</class>
      <method>launchApplication</method>
      <line>328</line>
    </frame>
    <frame>
      <class>sun.reflect.NativeMethodAccessorImpl</class>
      <method>invoke0</method>
    </frame>
    <frame>
      <class>sun.reflect.NativeMethodAccessorImpl</class>
      <method>invoke</method>
    </frame>
    <frame>
      <class>sun.reflect.DelegatingMethodAccessorImpl</class>
      <method>invoke</method>
    </frame>
    <frame>
      <class>java.lang.reflect.Method</class>
      <method>invoke</method>
    </frame>
    <frame>
      <class>sun.launcher.LauncherHelper$FXHelper</class>
      <method>main</method>
    </frame>
  </exception>
</record>
<record>
  <date>2018-05-10T13:27:47</date>
  <millis>1525951667742</millis>
  <sequence>6</sequence>
  <logger>main.Main</logger>
  <level>SEVERE</level>
  <class>main.Main</class>
  <method>start</method>
  <thread>11</thread>
  <message>Chyba pri vytvarani hlavneho okna</message>
  <exception>
    <message>javafx.fxml.LoadException: 
/C:/Users/Jakub/eclipse-workspace/vava-client/bin/view/Login_view.fxml
</message>
    <frame>
      <class>javafx.fxml.FXMLLoader</class>
      <method>constructLoadException</method>
      <line>2601</line>
    </frame>
    <frame>
      <class>javafx.fxml.FXMLLoader</class>
      <method>loadImpl</method>
      <line>2579</line>
    </frame>
    <frame>
      <class>javafx.fxml.FXMLLoader</class>
      <method>loadImpl</method>
      <line>2441</line>
    </frame>
    <frame>
      <class>javafx.fxml.FXMLLoader</class>
      <method>loadImpl</method>
      <line>3214</line>
    </frame>
    <frame>
      <class>javafx.fxml.FXMLLoader</class>
      <method>loadImpl</method>
      <line>3175</line>
    </frame>
    <frame>
      <class>javafx.fxml.FXMLLoader</class>
      <method>loadImpl</method>
      <line>3148</line>
    </frame>
    <frame>
      <class>javafx.fxml.FXMLLoader</class>
      <method>loadImpl</method>
      <line>3124</line>
    </frame>
    <frame>
      <class>javafx.fxml.FXMLLoader</class>
      <method>load</method>
      <line>3116</line>
    </frame>
    <frame>
      <class>main.Main</class>
      <method>start</method>
      <line>135</line>
    </frame>
    <frame>
      <class>com.sun.javafx.application.LauncherImpl</class>
      <method>lambda$launchApplication1$161</method>
      <line>863</line>
    </frame>
    <frame>
      <class>com.sun.javafx.application.PlatformImpl</class>
      <method>lambda$runAndWait$174</method>
      <line>326</line>
    </frame>
    <frame>
      <class>com.sun.javafx.application.PlatformImpl</class>
      <method>lambda$null$172</method>
      <line>295</line>
    </frame>
    <frame>
      <class>java.security.AccessController</class>
      <method>doPrivileged</method>
    </frame>
    <frame>
      <class>com.sun.javafx.application.PlatformImpl</class>
      <method>lambda$runLater$173</method>
      <line>294</line>
    </frame>
    <frame>
      <class>com.sun.glass.ui.InvokeLaterDispatcher$Future</class>
      <method>run</method>
      <line>95</line>
    </frame>
    <frame>
      <class>com.sun.glass.ui.win.WinApplication</class>
      <method>_runLoop</method>
    </frame>
    <frame>
      <class>com.sun.glass.ui.win.WinApplication</class>
      <method>lambda$null$147</method>
      <line>177</line>
    </frame>
    <frame>
      <class>java.lang.Thread</class>
      <method>run</method>
    </frame>
  </exception>
</record>
